<?xml version="1.0" encoding="UTF-8"?>
<!-- Generated by org.testng.reporters.JUnitReportReporter -->
<testsuite skipped="0" hostname="DESKTOP-FEL46G5" name="testpackage.Testclass" tests="1" failures="0" timestamp="11 Sep 2020 08:22:38 GMT" time="98.624" errors="0">
  <testcase name="m1" time="98.624" classname="testpackage.Testclass"/>
</testsuite> <!-- testpackage.Testclass -->
