<?xml version="1.0" encoding="UTF-8"?>
<!-- Generated by org.testng.reporters.JUnitReportReporter -->
<testsuite skipped="0" hostname="DESKTOP-FEL46G5" name="testpackage.Testclass" tests="1" failures="0" timestamp="11 Sep 2020 07:37:13 GMT" time="11.086" errors="0">
  <testcase name="m1" time="11.086" classname="testpackage.Testclass"/>
</testsuite> <!-- testpackage.Testclass -->
